0 info it worked if it ends with ok
1 verbose cli [ 'C:\\Users\\Hey\\Desktop\\Applications\\Node.js\\npm\\\\node.exe',
1 verbose cli   'C:\\Users\\Hey\\Desktop\\Applications\\Node.js\\npm\\node_modules\\npm\\bin\\npm-cli.js',
1 verbose cli   'start' ]
2 info using npm@3.8.8
3 info using node@v0.12.3
4 verbose stack Error: missing script: start
4 verbose stack     at run (C:\Users\Hey\Desktop\Applications\Node.js\npm\node_modules\npm\lib\run-script.js:147:19)
4 verbose stack     at C:\Users\Hey\Desktop\Applications\Node.js\npm\node_modules\npm\lib\run-script.js:57:5
4 verbose stack     at C:\Users\Hey\Desktop\Applications\Node.js\npm\node_modules\npm\node_modules\read-package-json\read-json.js:345:5
4 verbose stack     at checkBinReferences_ (C:\Users\Hey\Desktop\Applications\Node.js\npm\node_modules\npm\node_modules\read-package-json\read-json.js:309:45)
4 verbose stack     at final (C:\Users\Hey\Desktop\Applications\Node.js\npm\node_modules\npm\node_modules\read-package-json\read-json.js:343:3)
4 verbose stack     at then (C:\Users\Hey\Desktop\Applications\Node.js\npm\node_modules\npm\node_modules\read-package-json\read-json.js:113:5)
4 verbose stack     at C:\Users\Hey\Desktop\Applications\Node.js\npm\node_modules\npm\node_modules\read-package-json\read-json.js:284:20
4 verbose stack     at C:\Users\Hey\Desktop\Applications\Node.js\npm\node_modules\npm\node_modules\graceful-fs\graceful-fs.js:78:16
4 verbose stack     at fs.js:263:20
4 verbose stack     at C:\Users\Hey\Desktop\Applications\Node.js\npm\node_modules\npm\node_modules\graceful-fs\graceful-fs.js:232:16
5 verbose cwd C:\Users\Hey\Desktop\Hey\PROJECT\Mercurial\self\javaScript-hg\src\main\javascript\nodeJs\expressGeneratorHelloworld
6 error Windows_NT 6.3.9600
7 error argv "C:\\Users\\Hey\\Desktop\\Applications\\Node.js\\npm\\\\node.exe" "C:\\Users\\Hey\\Desktop\\Applications\\Node.js\\npm\\node_modules\\npm\\bin\\npm-cli.js" "start"
8 error node v0.12.3
9 error npm  v3.8.8
10 error missing script: start
11 error If you need help, you may report this error at:
11 error     <https://github.com/npm/npm/issues>
12 verbose exit [ 1, true ]
